DEBUG main org.testng.internal.Graph - [Graph] =============== DONE SORTING
DEBUG main org.testng.internal.Graph - [Graph] ====== SORTED NODES
DEBUG main org.testng.internal.Graph - [Graph] ====== END SORTED NODES
DEBUG main org.testng.internal.Graph - [Graph] ADDING NODE BaseTest.teardown()[pri:0, instance:null] -120993602
DEBUG main org.testng.internal.Graph - [Graph] ================ SORTING
DEBUG main org.testng.internal.Graph - [Graph] =============== DONE SORTING
DEBUG main org.testng.internal.Graph - [Graph] ====== SORTED NODES
DEBUG main org.testng.internal.Graph - [Graph] ====== END SORTED NODES
DEBUG main org.testng.internal.Graph - [Graph] ADDING NODE TestConfirmarInicioSesion.methodLevelSetUp()[pri:0, instance:null] -1176673818
DEBUG main org.testng.internal.Graph - [Graph] ================ SORTING
DEBUG main org.testng.internal.Graph - [Graph] =============== DONE SORTING
DEBUG main org.testng.internal.Graph - [Graph] ====== SORTED NODES
DEBUG main org.testng.internal.Graph - [Graph] ====== END SORTED NODES
DEBUG main org.testng.internal.Graph - [Graph] ADDING NODE TestConfirmarInicioSesion.ConfirmationTest(java.lang.String,java.lang.String)[pri:0, instance:Test_Scenarios.Unitarios.TestConfirmarInicioSesion@452e19ca] -2032178607
DEBUG main org.testng.internal.Graph - [Graph] ================ SORTING
DEBUG main org.testng.internal.Graph - [Graph] =============== DONE SORTING
DEBUG main org.testng.internal.Graph - [Graph] ====== SORTED NODES
DEBUG main org.testng.internal.Graph - [Graph] ====== END SORTED NODES
INFO main org.testng.internal.Utils - [TestNG] Running:
  C:\Users\XPC\eclipse-workspace\ProyectoAutomercado\testng.xml

ERROR main org.testng.reporters.jq.Main - C:\Users\XPC\eclipse-workspace\ProyectoAutomercado\test-output\jquery-3.6.0.min.js
java.nio.file.FileAlreadyExistsException: C:\Users\XPC\eclipse-workspace\ProyectoAutomercado\test-output\jquery-3.6.0.min.js
	at java.base/sun.nio.fs.WindowsException.translateToIOException(WindowsException.java:87)
	at java.base/sun.nio.fs.WindowsException.rethrowAsIOException(WindowsException.java:103)
	at java.base/sun.nio.fs.WindowsException.rethrowAsIOException(WindowsException.java:108)
	at java.base/sun.nio.fs.WindowsFileSystemProvider.newByteChannel(WindowsFileSystemProvider.java:235)
	at java.base/java.nio.file.spi.FileSystemProvider.newOutputStream(FileSystemProvider.java:478)
	at java.base/java.nio.file.Files.newOutputStream(Files.java:220)
	at java.base/java.nio.file.Files.copy(Files.java:3067)
	at org.testng.reporters.jq.Main.generateReport(Main.java:95)
	at org.testng.TestNG.generateReports(TestNG.java:1134)
	at org.testng.TestNG.run(TestNG.java:1072)
	at org.testng.remote.AbstractRemoteTestNG.run(AbstractRemoteTestNG.java:115)
	at org.testng.remote.RemoteTestNG.initAndRun(RemoteTestNG.java:251)
	at org.testng.remote.RemoteTestNG.main(RemoteTestNG.java:77)
DEBUG main org.testng.internal.Graph - [Graph] ADDING NODE TestValidacionesInicioSesion.testEscenario1()[pri:0, instance:Test_Scenarios.Humo.TestValidacionesInicioSesion@4f49f6af] -2054006979
DEBUG main org.testng.internal.Graph - [Graph] ================ SORTING
DEBUG main org.testng.internal.Graph - [Graph] =============== DONE SORTING
DEBUG main org.testng.internal.Graph - [Graph] ====== SORTED NODES
DEBUG main org.testng.internal.Graph - [Graph] ====== END SORTED NODES
DEBUG main org.testng.internal.Graph - [Graph] ADDING NODE TestBuscarProducto.testEscenario1(java.lang.String)[pri:0, instance:Test_Scenarios.Funcionales.TestBuscarProducto@17d919b6] 856753974
DEBUG main org.testng.internal.Graph - [Graph] ================ SORTING
DEBUG main org.testng.internal.Graph - [Graph] =============== DONE SORTING
DEBUG main org.testng.internal.Graph - [Graph] ====== SORTED NODES
DEBUG main org.testng.internal.Graph - [Graph] ====== END SORTED NODES
DEBUG main org.testng.internal.Graph - [Graph] ADDING NODE TestFiltrarProductosPorMarca.testEscenario1()[pri:0, instance:Test_Scenarios.Funcionales.TestFiltrarProductosPorMarca@4c2bb6e0] -1954950416
DEBUG main org.testng.internal.Graph - [Graph] ================ SORTING
DEBUG main org.testng.internal.Graph - [Graph] =============== DONE SORTING
DEBUG main org.testng.internal.Graph - [Graph] ====== SORTED NODES
DEBUG main org.testng.internal.Graph - [Graph] ====== END SORTED NODES
DEBUG main org.testng.internal.Graph - [Graph] ADDING NODE TestOrdenarProductosMayorAMenor.testEscenario1()[pri:0, instance:Test_Scenarios.Funcionales.TestOrdenarProductosMayorAMenor@3f1d2e23] -1392820479
DEBUG main org.testng.internal.Graph - [Graph] ================ SORTING
DEBUG main org.testng.internal.Graph - [Graph] =============== DONE SORTING
DEBUG main org.testng.internal.Graph - [Graph] ====== SORTED NODES
DEBUG main org.testng.internal.Graph - [Graph] ====== END SORTED NODES
DEBUG main org.testng.internal.Graph - [Graph] ADDING NODE TestAgregarProductoAlCarrito.FirstTest(java.lang.String,java.lang.String)[pri:0, instance:Test_Scenarios.Integracion.TestAgregarProductoAlCarrito@3cce57c7] -340997957
DEBUG main org.testng.internal.Graph - [Graph] ================ SORTING
DEBUG main org.testng.internal.Graph - [Graph] =============== DONE SORTING
DEBUG main org.testng.internal.Graph - [Graph] ====== SORTED NODES
DEBUG main org.testng.internal.Graph - [Graph] ====== END SORTED NODES
DEBUG main org.testng.internal.Graph - [Graph] ADDING NODE TestVaciarCarritoCompras.VaciarCarritoDeCompras(java.lang.String,java.lang.String)[pri:0, instance:Test_Scenarios.Integracion.TestVaciarCarritoCompras@2e570ded] 1021079354
DEBUG main org.testng.internal.Graph - [Graph] ================ SORTING
DEBUG main org.testng.internal.Graph - [Graph] =============== DONE SORTING
DEBUG main org.testng.internal.Graph - [Graph] ====== SORTED NODES
DEBUG main org.testng.internal.Graph - [Graph] ====== END SORTED NODES
DEBUG main org.testng.internal.Graph - [Graph] ADDING NODE TestGuardarCarritoComoLista.GuardarCarritoComoLista(java.lang.String,java.lang.String,java.lang.String)[pri:0, instance:Test_Scenarios.Integracion.TestGuardarCarritoComoLista@70e38ce1] -1458917141
DEBUG main org.testng.internal.Graph - [Graph] ================ SORTING
DEBUG main org.testng.internal.Graph - [Graph] =============== DONE SORTING
DEBUG main org.testng.internal.Graph - [Graph] ====== SORTED NODES
DEBUG main org.testng.internal.Graph - [Graph] ====== END SORTED NODES
DEBUG main org.testng.internal.Graph - [Graph] ADDING NODE TestAbrirSeccionInicioSesion.TestRecetas()[pri:0, instance:Test_Scenarios.Unitarios.TestAbrirSeccionInicioSesion@13d9cbf5] 862429151
DEBUG main org.testng.internal.Graph - [Graph] ================ SORTING
DEBUG main org.testng.internal.Graph - [Graph] =============== DONE SORTING
DEBUG main org.testng.internal.Graph - [Graph] ====== SORTED NODES
DEBUG main org.testng.internal.Graph - [Graph] ====== END SORTED NODES
DEBUG main org.testng.internal.Graph - [Graph] ADDING NODE TestAbrirSeccionRecetas.TestRecetas()[pri:0, instance:Test_Scenarios.Unitarios.TestAbrirSeccionRecetas@1b410b60] 740294679
DEBUG main org.testng.internal.Graph - [Graph] ================ SORTING
DEBUG main org.testng.internal.Graph - [Graph] =============== DONE SORTING
DEBUG main org.testng.internal.Graph - [Graph] ====== SORTED NODES
DEBUG main org.testng.internal.Graph - [Graph] ====== END SORTED NODES
DEBUG main org.testng.internal.Graph - [Graph] ADDING NODE TestConfirmarInicioSesion.ConfirmationTest(java.lang.String,java.lang.String)[pri:0, instance:Test_Scenarios.Unitarios.TestConfirmarInicioSesion@452e19ca] -2032178607
DEBUG main org.testng.internal.Graph - [Graph] ================ SORTING
DEBUG main org.testng.internal.Graph - [Graph] =============== DONE SORTING
DEBUG main org.testng.internal.Graph - [Graph] ====== SORTED NODES
DEBUG main org.testng.internal.Graph - [Graph] ====== END SORTED NODES
DEBUG main org.testng.TestNG - suiteXmlPath: "C:\Users\XPC\eclipse-workspace\ProyectoAutomercado\testng.xml"
DEBUG main org.testng.internal.Graph - [Graph] ADDING NODE BaseTest.InitialSetUp(java.lang.String,java.lang.String)[pri:0, instance:null] -1801223327
DEBUG main org.testng.internal.Graph - [Graph] ================ SORTING
DEBUG main org.testng.internal.Graph - [Graph] =============== DONE SORTING
DEBUG main org.testng.internal.Graph - [Graph] ====== SORTED NODES
DEBUG main org.testng.internal.Graph - [Graph] ====== END SORTED NODES
DEBUG main org.testng.internal.Graph - [Graph] ADDING NODE BaseTest.teardown()[pri:0, instance:null] -120993602
DEBUG main org.testng.internal.Graph - [Graph] ================ SORTING
DEBUG main org.testng.internal.Graph - [Graph] =============== DONE SORTING
DEBUG main org.testng.internal.Graph - [Graph] ====== SORTED NODES
DEBUG main org.testng.internal.Graph - [Graph] ====== END SORTED NODES
DEBUG main org.testng.internal.Graph - [Graph] ADDING NODE TestValidacionesInicioSesion.methodLevelSetUp()[pri:0, instance:null] 695001798
DEBUG main org.testng.internal.Graph - [Graph] ================ SORTING
DEBUG main org.testng.internal.Graph - [Graph] =============== DONE SORTING
DEBUG main org.testng.internal.Graph - [Graph] ====== SORTED NODES
DEBUG main org.testng.internal.Graph - [Graph] ====== END SORTED NODES
DEBUG main org.testng.internal.Graph - [Graph] ADDING NODE TestValidacionesInicioSesion.testEscenario1()[pri:0, instance:Test_Scenarios.Humo.TestValidacionesInicioSesion@4f49f6af] -2054006979
DEBUG main org.testng.internal.Graph - [Graph] ================ SORTING
DEBUG main org.testng.internal.Graph - [Graph] =============== DONE SORTING
DEBUG main org.testng.internal.Graph - [Graph] ====== SORTED NODES
DEBUG main org.testng.internal.Graph - [Graph] ====== END SORTED NODES
DEBUG main org.testng.internal.Graph - [Graph] ADDING NODE BaseTest.InitialSetUp(java.lang.String,java.lang.String)[pri:0, instance:null] -1801223327
DEBUG main org.testng.internal.Graph - [Graph] ================ SORTING
DEBUG main org.testng.internal.Graph - [Graph] =============== DONE SORTING
DEBUG main org.testng.internal.Graph - [Graph] ====== SORTED NODES
DEBUG main org.testng.internal.Graph - [Graph] ====== END SORTED NODES
DEBUG main org.testng.internal.Graph - [Graph] ADDING NODE BaseTest.teardown()[pri:0, instance:null] -120993602
DEBUG main org.testng.internal.Graph - [Graph] ================ SORTING
DEBUG main org.testng.internal.Graph - [Graph] =============== DONE SORTING
DEBUG main org.testng.internal.Graph - [Graph] ====== SORTED NODES
DEBUG main org.testng.internal.Graph - [Graph] ====== END SORTED NODES
DEBUG main org.testng.internal.Graph - [Graph] ADDING NODE TestBuscarProducto.methodLevelSetUp()[pri:0, instance:null] -331688588
DEBUG main org.testng.internal.Graph - [Graph] ================ SORTING
DEBUG main org.testng.internal.Graph - [Graph] =============== DONE SORTING
DEBUG main org.testng.internal.Graph - [Graph] ====== SORTED NODES
DEBUG main org.testng.internal.Graph - [Graph] ====== END SORTED NODES
DEBUG main org.testng.internal.Graph - [Graph] ADDING NODE TestBuscarProducto.testEscenario1(java.lang.String)[pri:0, instance:Test_Scenarios.Funcionales.TestBuscarProducto@17d919b6] 856753974
DEBUG main org.testng.internal.Graph - [Graph] ================ SORTING
DEBUG main org.testng.internal.Graph - [Graph] =============== DONE SORTING
DEBUG main org.testng.internal.Graph - [Graph] ====== SORTED NODES
DEBUG main org.testng.internal.Graph - [Graph] ====== END SORTED NODES
DEBUG main org.testng.internal.Graph - [Graph] ADDING NODE BaseTest.InitialSetUp(java.lang.String,java.lang.String)[pri:0, instance:null] -1801223327
DEBUG main org.testng.internal.Graph - [Graph] ================ SORTING
DEBUG main org.testng.internal.Graph - [Graph] =============== DONE SORTING
DEBUG main org.testng.internal.Graph - [Graph] ====== SORTED NODES
DEBUG main org.testng.internal.Graph - [Graph] ====== END SORTED NODES
DEBUG main org.testng.internal.Graph - [Graph] ADDING NODE BaseTest.teardown()[pri:0, instance:null] -120993602
DEBUG main org.testng.internal.Graph - [Graph] ================ SORTING
DEBUG main org.testng.internal.Graph - [Graph] =============== DONE SORTING
DEBUG main org.testng.internal.Graph - [Graph] ====== SORTED NODES
DEBUG main org.testng.internal.Graph - [Graph] ====== END SORTED NODES
DEBUG main org.testng.internal.Graph - [Graph] ADDING NODE TestFiltrarProductosPorMarca.methodLevelSetUp()[pri:0, instance:null] -1944545532
DEBUG main org.testng.internal.Graph - [Graph] ================ SORTING
DEBUG main org.testng.internal.Graph - [Graph] =============== DONE SORTING
DEBUG main org.testng.internal.Graph - [Graph] ====== SORTED NODES
DEBUG main org.testng.internal.Graph - [Graph] ====== END SORTED NODES
DEBUG main org.testng.internal.Graph - [Graph] ADDING NODE TestFiltrarProductosPorMarca.testEscenario1()[pri:0, instance:Test_Scenarios.Funcionales.TestFiltrarProductosPorMarca@4c2bb6e0] -1954950416
DEBUG main org.testng.internal.Graph - [Graph] ================ SORTING
DEBUG main org.testng.internal.Graph - [Graph] =============== DONE SORTING
DEBUG main org.testng.internal.Graph - [Graph] ====== SORTED NODES
DEBUG main org.testng.internal.Graph - [Graph] ====== END SORTED NODES
DEBUG main org.testng.internal.Graph - [Graph] ADDING NODE BaseTest.InitialSetUp(java.lang.String,java.lang.String)[pri:0, instance:null] -1801223327
DEBUG main org.testng.internal.Graph - [Graph] ================ SORTING
DEBUG main org.testng.internal.Graph - [Graph] =============== DONE SORTING
DEBUG main org.testng.internal.Graph - [Graph] ====== SORTED NODES
DEBUG main org.testng.internal.Graph - [Graph] ====== END SORTED NODES
DEBUG main org.testng.internal.Graph - [Graph] ADDING NODE BaseTest.teardown()[pri:0, instance:null] -120993602
DEBUG main org.testng.internal.Graph - [Graph] ================ SORTING
DEBUG main org.testng.internal.Graph - [Graph] =============== DONE SORTING
DEBUG main org.testng.internal.Graph - [Graph] ====== SORTED NODES
DEBUG main org.testng.internal.Graph - [Graph] ====== END SORTED NODES
DEBUG main org.testng.internal.Graph - [Graph] ADDING NODE TestOrdenarProductosMayorAMenor.methodLevelSetUp()[pri:0, instance:null] 681831574
DEBUG main org.testng.internal.Graph - [Graph] ================ SORTING
DEBUG main org.testng.internal.Graph - [Graph] =============== DONE SORTING
DEBUG main org.testng.internal.Graph - [Graph] ====== SORTED NODES
DEBUG main org.testng.internal.Graph - [Graph] ====== END SORTED NODES
DEBUG main org.testng.internal.Graph - [Graph] ADDING NODE TestOrdenarProductosMayorAMenor.testEscenario1()[pri:0, instance:Test_Scenarios.Funcionales.TestOrdenarProductosMayorAMenor@3f1d2e23] -1392820479
DEBUG main org.testng.internal.Graph - [Graph] ================ SORTING
DEBUG main org.testng.internal.Graph - [Graph] =============== DONE SORTING
DEBUG main org.testng.internal.Graph - [Graph] ====== SORTED NODES
DEBUG main org.testng.internal.Graph - [Graph] ====== END SORTED NODES
DEBUG main org.testng.internal.Graph - [Graph] ADDING NODE BaseTest.InitialSetUp(java.lang.String,java.lang.String)[pri:0, instance:null] -1801223327
DEBUG main org.testng.internal.Graph - [Graph] ================ SORTING
DEBUG main org.testng.internal.Graph - [Graph] =============== DONE SORTING
DEBUG main org.testng.internal.Graph - [Graph] ====== SORTED NODES
DEBUG main org.testng.internal.Graph - [Graph] ====== END SORTED NODES
DEBUG main org.testng.internal.Graph - [Graph] ADDING NODE BaseTest.teardown()[pri:0, instance:null] -120993602
DEBUG main org.testng.internal.Graph - [Graph] ================ SORTING
DEBUG main org.testng.internal.Graph - [Graph] =============== DONE SORTING
DEBUG main org.testng.internal.Graph - [Graph] ====== SORTED NODES
DEBUG main org.testng.internal.Graph - [Graph] ====== END SORTED NODES
DEBUG main org.testng.internal.Graph - [Graph] ADDING NODE TestAgregarProductoAlCarrito.methodLevelSetUp()[pri:0, instance:null] 179795508
DEBUG main org.testng.internal.Graph - [Graph] ================ SORTING
DEBUG main org.testng.internal.Graph - [Graph] =============== DONE SORTING
DEBUG main org.testng.internal.Graph - [Graph] ====== SORTED NODES
DEBUG main org.testng.internal.Graph - [Graph] ====== END SORTED NODES
DEBUG main org.testng.internal.Graph - [Graph] ADDING NODE TestAgregarProductoAlCarrito.FirstTest(java.lang.String,java.lang.String)[pri:0, instance:Test_Scenarios.Integracion.TestAgregarProductoAlCarrito@3cce57c7] -340997957
DEBUG main org.testng.internal.Graph - [Graph] ================ SORTING
DEBUG main org.testng.internal.Graph - [Graph] =============== DONE SORTING
DEBUG main org.testng.internal.Graph - [Graph] ====== SORTED NODES
DEBUG main org.testng.internal.Graph - [Graph] ====== END SORTED NODES
DEBUG main org.testng.internal.Graph - [Graph] ADDING NODE BaseTest.InitialSetUp(java.lang.String,java.lang.String)[pri:0, instance:null] -1801223327
DEBUG main org.testng.internal.Graph - [Graph] ================ SORTING
DEBUG main org.testng.internal.Graph - [Graph] =============== DONE SORTING
DEBUG main org.testng.internal.Graph - [Graph] ====== SORTED NODES
DEBUG main org.testng.internal.Graph - [Graph] ====== END SORTED NODES
DEBUG main org.testng.internal.Graph - [Graph] ADDING NODE BaseTest.teardown()[pri:0, instance:null] -120993602
DEBUG main org.testng.internal.Graph - [Graph] ================ SORTING
DEBUG main org.testng.internal.Graph - [Graph] =============== DONE SORTING
DEBUG main org.testng.internal.Graph - [Graph] ====== SORTED NODES
DEBUG main org.testng.internal.Graph - [Graph] ====== END SORTED NODES
DEBUG main org.testng.internal.Graph - [Graph] ADDING NODE TestVaciarCarritoCompras.methodLevelSetUp()[pri:0, instance:null] 1677959357
DEBUG main org.testng.internal.Graph - [Graph] ================ SORTING
DEBUG main org.testng.internal.Graph - [Graph] =============== DONE SORTING
DEBUG main org.testng.internal.Graph - [Graph] ====== SORTED NODES
DEBUG main org.testng.internal.Graph - [Graph] ====== END SORTED NODES
DEBUG main org.testng.internal.Graph - [Graph] ADDING NODE TestVaciarCarritoCompras.VaciarCarritoDeCompras(java.lang.String,java.lang.String)[pri:0, instance:Test_Scenarios.Integracion.TestVaciarCarritoCompras@2e570ded] 1021079354
DEBUG main org.testng.internal.Graph - [Graph] ================ SORTING
DEBUG main org.testng.internal.Graph - [Graph] =============== DONE SORTING
DEBUG main org.testng.internal.Graph - [Graph] ====== SORTED NODES
DEBUG main org.testng.internal.Graph - [Graph] ====== END SORTED NODES
DEBUG main org.testng.internal.Graph - [Graph] ADDING NODE BaseTest.InitialSetUp(java.lang.String,java.lang.String)[pri:0, instance:null] -1801223327
DEBUG main org.testng.internal.Graph - [Graph] ================ SORTING
DEBUG main org.testng.internal.Graph - [Graph] =============== DONE SORTING
DEBUG main org.testng.internal.Graph - [Graph] ====== SORTED NODES
DEBUG main org.testng.internal.Graph - [Graph] ====== END SORTED NODES
DEBUG main org.testng.internal.Graph - [Graph] ADDING NODE BaseTest.teardown()[pri:0, instance:null] -120993602
DEBUG main org.testng.internal.Graph - [Graph] ================ SORTING
DEBUG main org.testng.internal.Graph - [Graph] =============== DONE SORTING
DEBUG main org.testng.internal.Graph - [Graph] ====== SORTED NODES
DEBUG main org.testng.internal.Graph - [Graph] ====== END SORTED NODES
DEBUG main org.testng.internal.Graph - [Graph] ADDING NODE TestGuardarCarritoComoLista.methodLevelSetUp()[pri:0, instance:null] 1157773127
DEBUG main org.testng.internal.Graph - [Graph] ================ SORTING
DEBUG main org.testng.internal.Graph - [Graph] =============== DONE SORTING
DEBUG main org.testng.internal.Graph - [Graph] ====== SORTED NODES
DEBUG main org.testng.internal.Graph - [Graph] ====== END SORTED NODES
DEBUG main org.testng.internal.Graph - [Graph] ADDING NODE TestGuardarCarritoComoLista.GuardarCarritoComoLista(java.lang.String,java.lang.String,java.lang.String)[pri:0, instance:Test_Scenarios.Integracion.TestGuardarCarritoComoLista@70e38ce1] -1458917141
DEBUG main org.testng.internal.Graph - [Graph] ================ SORTING
DEBUG main org.testng.internal.Graph - [Graph] =============== DONE SORTING
DEBUG main org.testng.internal.Graph - [Graph] ====== SORTED NODES
DEBUG main org.testng.internal.Graph - [Graph] ====== END SORTED NODES
DEBUG main org.testng.internal.Graph - [Graph] ADDING NODE BaseTest.InitialSetUp(java.lang.String,java.lang.String)[pri:0, instance:null] -1801223327
DEBUG main org.testng.internal.Graph - [Graph] ================ SORTING
DEBUG main org.testng.internal.Graph - [Graph] =============== DONE SORTING
DEBUG main org.testng.internal.Graph - [Graph] ====== SORTED NODES
DEBUG main org.testng.internal.Graph - [Graph] ====== END SORTED NODES
DEBUG main org.testng.internal.Graph - [Graph] ADDING NODE BaseTest.teardown()[pri:0, instance:null] -120993602
DEBUG main org.testng.internal.Graph - [Graph] ================ SORTING
DEBUG main org.testng.internal.Graph - [Graph] =============== DONE SORTING
DEBUG main org.testng.internal.Graph - [Graph] ====== SORTED NODES
DEBUG main org.testng.internal.Graph - [Graph] ====== END SORTED NODES
DEBUG main org.testng.internal.Graph - [Graph] ADDING NODE TestAbrirSeccionInicioSesion.SetUp()[pri:0, instance:null] -1298666380
DEBUG main org.testng.internal.Graph - [Graph] ================ SORTING
DEBUG main org.testng.internal.Graph - [Graph] =============== DONE SORTING
DEBUG main org.testng.internal.Graph - [Graph] ====== SORTED NODES
DEBUG main org.testng.internal.Graph - [Graph] ====== END SORTED NODES
DEBUG main org.testng.internal.Graph - [Graph] ADDING NODE TestAbrirSeccionInicioSesion.TestRecetas()[pri:0, instance:Test_Scenarios.Unitarios.TestAbrirSeccionInicioSesion@13d9cbf5] 862429151
DEBUG main org.testng.internal.Graph - [Graph] ================ SORTING
DEBUG main org.testng.internal.Graph - [Graph] =============== DONE SORTING
DEBUG main org.testng.internal.Graph - [Graph] ====== SORTED NODES
DEBUG main org.testng.internal.Graph - [Graph] ====== END SORTED NODES
DEBUG main org.testng.internal.Graph - [Graph] ADDING NODE BaseTest.InitialSetUp(java.lang.String,java.lang.String)[pri:0, instance:null] -1801223327
DEBUG main org.testng.internal.Graph - [Graph] ================ SORTING
DEBUG main org.testng.internal.Graph - [Graph] =============== DONE SORTING
DEBUG main org.testng.internal.Graph - [Graph] ====== SORTED NODES
DEBUG main org.testng.internal.Graph - [Graph] ====== END SORTED NODES
DEBUG main org.testng.internal.Graph - [Graph] ADDING NODE BaseTest.teardown()[pri:0, instance:null] -120993602
DEBUG main org.testng.internal.Graph - [Graph] ================ SORTING
DEBUG main org.testng.internal.Graph - [Graph] =============== DONE SORTING
DEBUG main org.testng.internal.Graph - [Graph] ====== SORTED NODES
DEBUG main org.testng.internal.Graph - [Graph] ====== END SORTED NODES
DEBUG main org.testng.internal.Graph - [Graph] ADDING NODE TestAbrirSeccionRecetas.SetUp()[pri:0, instance:null] -337579321
DEBUG main org.testng.internal.Graph - [Graph] ================ SORTING
DEBUG main org.testng.internal.Graph - [Graph] =============== DONE SORTING
DEBUG main org.testng.internal.Graph - [Graph] ====== SORTED NODES
DEBUG main org.testng.internal.Graph - [Graph] ====== END SORTED NODES
DEBUG main org.testng.internal.Graph - [Graph] ADDING NODE TestAbrirSeccionRecetas.TestRecetas()[pri:0, instance:Test_Scenarios.Unitarios.TestAbrirSeccionRecetas@1b410b60] 740294679
DEBUG main org.testng.internal.Graph - [Graph] ================ SORTING
DEBUG main org.testng.internal.Graph - [Graph] =============== DONE SORTING
DEBUG main org.testng.internal.Graph - [Graph] ====== SORTED NODES
DEBUG main org.testng.internal.Graph - [Graph] ====== END SORTED NODES
DEBUG main org.testng.internal.Graph - [Graph] ADDING NODE BaseTest.InitialSetUp(java.lang.String,java.lang.String)[pri:0, instance:null] -1801223327
DEBUG main org.testng.internal.Graph - [Graph] ================ SORTING
DEBUG main org.testng.internal.Graph - [Graph] =============== DONE SORTING
DEBUG main org.testng.internal.Graph - [Graph] ====== SORTED NODES
DEBUG main org.testng.internal.Graph - [Graph] ====== END SORTED NODES
DEBUG main org.testng.internal.Graph - [Graph] ADDING NODE BaseTest.teardown()[pri:0, instance:null] -120993602
DEBUG main org.testng.internal.Graph - [Graph] ================ SORTING
DEBUG main org.testng.internal.Graph - [Graph] =============== DONE SORTING
DEBUG main org.testng.internal.Graph - [Graph] ====== SORTED NODES
DEBUG main org.testng.internal.Graph - [Graph] ====== END SORTED NODES
DEBUG main org.testng.internal.Graph - [Graph] ADDING NODE TestConfirmarInicioSesion.methodLevelSetUp()[pri:0, instance:null] -1176673818
DEBUG main org.testng.internal.Graph - [Graph] ================ SORTING
DEBUG main org.testng.internal.Graph - [Graph] =============== DONE SORTING
DEBUG main org.testng.internal.Graph - [Graph] ====== SORTED NODES
DEBUG main org.testng.internal.Graph - [Graph] ====== END SORTED NODES
DEBUG main org.testng.internal.Graph - [Graph] ADDING NODE TestConfirmarInicioSesion.ConfirmationTest(java.lang.String,java.lang.String)[pri:0, instance:Test_Scenarios.Unitarios.TestConfirmarInicioSesion@1ec9bd38] 1618677183
DEBUG main org.testng.internal.Graph - [Graph] ================ SORTING
DEBUG main org.testng.internal.Graph - [Graph] =============== DONE SORTING
DEBUG main org.testng.internal.Graph - [Graph] ====== SORTED NODES
DEBUG main org.testng.internal.Graph - [Graph] ====== END SORTED NODES
INFO main org.testng.internal.Utils - [TestNG] Running:
  C:\Users\XPC\eclipse-workspace\ProyectoAutomercado\testng.xml

DEBUG main io.netty.util.internal.logging.InternalLoggerFactory - Using SLF4J as the default logging framework
DEBUG main io.netty.util.ResourceLeakDetector - -Dio.netty.leakDetection.level: simple
DEBUG main io.netty.util.ResourceLeakDetector - -Dio.netty.leakDetection.targetRecords: 4
DEBUG main io.netty.util.ResourceLeakDetectorFactory - Loaded default ResourceLeakDetector: io.netty.util.ResourceLeakDetector@5f6722d3
DEBUG main io.netty.util.internal.PlatformDependent0 - -Dio.netty.noUnsafe: false
DEBUG main io.netty.util.internal.PlatformDependent0 - Java version: 11
DEBUG main io.netty.util.internal.PlatformDependent0 - sun.misc.Unsafe.theUnsafe: available
DEBUG main io.netty.util.internal.PlatformDependent0 - sun.misc.Unsafe.copyMemory: available
DEBUG main io.netty.util.internal.PlatformDependent0 - sun.misc.Unsafe.storeFence: available
DEBUG main io.netty.util.internal.PlatformDependent0 - java.nio.Buffer.address: available
DEBUG main io.netty.util.internal.PlatformDependent0 - direct buffer constructor: unavailable: Reflective setAccessible(true) disabled
DEBUG main io.netty.util.internal.PlatformDependent0 - java.nio.Bits.unaligned: available, true
DEBUG main io.netty.util.internal.PlatformDependent0 - jdk.internal.misc.Unsafe.allocateUninitializedArray(int): unavailable: class io.netty.util.internal.PlatformDependent0$7 cannot access class jdk.internal.misc.Unsafe (in module java.base) because module java.base does not export jdk.internal.misc to unnamed module @4566d049
DEBUG main io.netty.util.internal.PlatformDependent0 - java.nio.DirectByteBuffer.<init>(long, int): unavailable
DEBUG main io.netty.util.internal.PlatformDependent - sun.misc.Unsafe: available
DEBUG main io.netty.util.internal.PlatformDependent - maxDirectMemory: 2113929216 bytes (maybe)
DEBUG main io.netty.util.internal.PlatformDependent - -Dio.netty.tmpdir: C:\Users\XPC\AppData\Local\Temp (java.io.tmpdir)
DEBUG main io.netty.util.internal.PlatformDependent - -Dio.netty.bitMode: 64 (sun.arch.data.model)
DEBUG main io.netty.util.internal.PlatformDependent - Platform: Windows
DEBUG main io.netty.util.internal.PlatformDependent - -Dio.netty.maxDirectMemory: -1 bytes
DEBUG main io.netty.util.internal.PlatformDependent - -Dio.netty.uninitializedArrayAllocationThreshold: -1
DEBUG main io.netty.util.internal.CleanerJava9 - java.nio.ByteBuffer.cleaner(): available
DEBUG main io.netty.util.internal.PlatformDependent - -Dio.netty.noPreferDirect: false
DEBUG main io.netty.util.internal.PlatformDependent - org.jctools-core.MpscChunkedArrayQueue: available
DEBUG main io.netty.util.internal.InternalThreadLocalMap - -Dio.netty.threadLocalMap.stringBuilder.initialSize: 1024
DEBUG main io.netty.util.internal.InternalThreadLocalMap - -Dio.netty.threadLocalMap.stringBuilder.maxSize: 4096
DEBUG main io.netty.handler.ssl.JdkSslContext - Default protocols (JDK): [TLSv1.3, TLSv1.2] 
DEBUG main io.netty.handler.ssl.JdkSslContext - Default cipher suites (JDK): [TLS_ECDHE_ECDSA_WITH_AES_256_GCM_SHA384, TLS_ECDHE_ECDSA_WITH_AES_128_GCM_SHA256, TLS_ECDHE_RSA_WITH_AES_128_GCM_SHA256, TLS_ECDHE_RSA_WITH_AES_256_GCM_SHA384, TLS_ECDHE_RSA_WITH_AES_128_CBC_SHA, TLS_ECDHE_RSA_WITH_AES_256_CBC_SHA, TLS_RSA_WITH_AES_128_GCM_SHA256, TLS_RSA_WITH_AES_128_CBC_SHA, TLS_RSA_WITH_AES_256_CBC_SHA, TLS_AES_128_GCM_SHA256, TLS_AES_256_GCM_SHA384]
DEBUG main io.netty.channel.MultithreadEventLoopGroup - -Dio.netty.eventLoopThreads: 24
DEBUG main io.netty.channel.nio.NioEventLoop - -Dio.netty.noKeySetOptimization: false
DEBUG main io.netty.channel.nio.NioEventLoop - -Dio.netty.selectorAutoRebuildThreshold: 512
DEBUG main io.netty.buffer.PooledByteBufAllocator - -Dio.netty.allocator.numHeapArenas: 24
DEBUG main io.netty.buffer.PooledByteBufAllocator - -Dio.netty.allocator.numDirectArenas: 24
DEBUG main io.netty.buffer.PooledByteBufAllocator - -Dio.netty.allocator.pageSize: 8192
DEBUG main io.netty.buffer.PooledByteBufAllocator - -Dio.netty.allocator.maxOrder: 9
DEBUG main io.netty.buffer.PooledByteBufAllocator - -Dio.netty.allocator.chunkSize: 4194304
DEBUG main io.netty.buffer.PooledByteBufAllocator - -Dio.netty.allocator.smallCacheSize: 256
DEBUG main io.netty.buffer.PooledByteBufAllocator - -Dio.netty.allocator.normalCacheSize: 64
DEBUG main io.netty.buffer.PooledByteBufAllocator - -Dio.netty.allocator.maxCachedBufferCapacity: 32768
DEBUG main io.netty.buffer.PooledByteBufAllocator - -Dio.netty.allocator.cacheTrimInterval: 8192
DEBUG main io.netty.buffer.PooledByteBufAllocator - -Dio.netty.allocator.cacheTrimIntervalMillis: 0
DEBUG main io.netty.buffer.PooledByteBufAllocator - -Dio.netty.allocator.useCacheForAllThreads: false
DEBUG main io.netty.buffer.PooledByteBufAllocator - -Dio.netty.allocator.maxCachedByteBuffersPerChunk: 1023
DEBUG main io.netty.buffer.ByteBufUtil - -Dio.netty.allocator.type: pooled
DEBUG main io.netty.buffer.ByteBufUtil - -Dio.netty.threadLocalDirectBufferSize: 0
DEBUG main io.netty.buffer.ByteBufUtil - -Dio.netty.maxThreadLocalCharBufferSize: 16384
DEBUG Forwarding newSession on session null to remote io.netty.channel.DefaultChannelId - -Dio.netty.processId: 14964 (auto-detected)
DEBUG Forwarding newSession on session null to remote io.netty.util.NetUtil - -Djava.net.preferIPv4Stack: false
DEBUG Forwarding newSession on session null to remote io.netty.util.NetUtil - -Djava.net.preferIPv6Addresses: false
DEBUG Forwarding newSession on session null to remote io.netty.util.NetUtilInitializations - Loopback interface: lo (Software Loopback Interface 1, 127.0.0.1)
DEBUG Forwarding newSession on session null to remote io.netty.util.NetUtil - Failed to get SOMAXCONN from sysctl and file \proc\sys\net\core\somaxconn. Default: 200
DEBUG Forwarding newSession on session null to remote io.netty.channel.DefaultChannelId - -Dio.netty.machineId: 10:27:f5:ff:fe:f1:ab:b7 (auto-detected)
DEBUG AsyncHttpClient-1-2 io.netty.buffer.AbstractByteBuf - -Dio.netty.buffer.checkAccessible: true
DEBUG AsyncHttpClient-1-2 io.netty.buffer.AbstractByteBuf - -Dio.netty.buffer.checkBounds: true
DEBUG AsyncHttpClient-1-2 io.netty.util.ResourceLeakDetectorFactory - Loaded default ResourceLeakDetector: io.netty.util.ResourceLeakDetector@7e9b2389
DEBUG AsyncHttpClient-1-2 org.asynchttpclient.netty.channel.NettyConnectListener - Using new Channel '[id: 0x2b1a41ff, L:/127.0.0.1:60650 - R:localhost/127.0.0.1:58288]' for 'POST' to '/session'
DEBUG AsyncHttpClient-1-2 io.netty.util.Recycler - -Dio.netty.recycler.maxCapacityPerThread: 4096
DEBUG AsyncHttpClient-1-2 io.netty.util.Recycler - -Dio.netty.recycler.ratio: 8
DEBUG AsyncHttpClient-1-2 io.netty.util.Recycler - -Dio.netty.recycler.chunkSize: 32
DEBUG AsyncHttpClient-1-2 io.netty.util.Recycler - -Dio.netty.recycler.blocking: false
DEBUG AsyncHttpClient-1-2 io.netty.handler.codec.compression.Brotli - brotli4j not in the classpath; Brotli support will be unavailable.
DEBUG AsyncHttpClient-1-2 org.asynchttpclient.netty.handler.HttpHandler - 

Request DefaultHttpRequest(decodeResult: success, version: HTTP/1.1)
POST /session HTTP/1.1
User-Agent: selenium/4.3.0 (java windows)
Content-Length: 505
Content-Type: application/json; charset=utf-8
host: localhost:58288
accept: */*

Response DefaultHttpResponse(decodeResult: success, version: HTTP/1.1)
HTTP/1.1 200 OK
Content-Type: application/json; charset=utf-8
cache-control: no-cache
content-length: 788

DEBUG AsyncHttpClient-1-2 org.asynchttpclient.netty.channel.ChannelManager - Adding key: http://localhost:58288 for channel [id: 0x2b1a41ff, L:/127.0.0.1:60650 - R:localhost/127.0.0.1:58288]
DEBUG AsyncHttpClient-1-3 org.asynchttpclient.netty.channel.NettyConnectListener - Using new Channel '[id: 0x22a11d6f, L:/127.0.0.1:60659 - R:localhost/127.0.0.1:60652]' for 'GET' to '/json/version'
DEBUG AsyncHttpClient-1-3 org.asynchttpclient.netty.handler.HttpHandler - 

Request DefaultFullHttpRequest(decodeResult: success, version: HTTP/1.1, content: EmptyByteBufBE)
GET /json/version HTTP/1.1
User-Agent: selenium/4.3.0 (java windows)
host: localhost:60652
accept: */*

Response DefaultHttpResponse(decodeResult: success, version: HTTP/1.1)
HTTP/1.1 200 OK
Content-Type: application/json; charset=UTF-8
content-length: 427

DEBUG AsyncHttpClient-1-3 org.asynchttpclient.netty.channel.ChannelManager - Adding key: http://localhost:60652 for channel [id: 0x22a11d6f, L:/127.0.0.1:60659 - R:localhost/127.0.0.1:60652]
DEBUG main io.netty.util.internal.ThreadLocalRandom - -Dio.netty.initialSeedUniquifier: 0xbb8ad6f510e67b63
DEBUG AsyncHttpClient-1-4 org.asynchttpclient.netty.channel.NettyConnectListener - Using new Channel '[id: 0x3b8bead5, L:/127.0.0.1:60660 - R:localhost/127.0.0.1:60652]' for 'GET' to '/devtools/browser/50bb65fd-3487-4906-bec3-59be3112850e'
DEBUG AsyncHttpClient-1-4 org.asynchttpclient.netty.handler.WebSocketHandler - 

Request DefaultFullHttpRequest(decodeResult: success, version: HTTP/1.1, content: EmptyByteBufBE)
GET /devtools/browser/50bb65fd-3487-4906-bec3-59be3112850e HTTP/1.1
upgrade: websocket
connection: upgrade
sec-websocket-key: PQeHTXStheSXf5Rdv8HksQ==
sec-websocket-version: 13
origin: http://localhost:60652
host: localhost:60652
accept: */*
user-agent: AHC/2.1

Response DefaultHttpResponse(decodeResult: success, version: HTTP/1.1)
HTTP/1.1 101 WebSocket Protocol Handshake
Upgrade: WebSocket
Connection: Upgrade
Sec-WebSocket-Accept: dh+zE/RuTdCTKNPbbbT3aswnu7Q=

DEBUG Forwarding maximizeCurrentWindow on session 5bd92de29152078380cb358e486226fe to remote org.asynchttpclient.netty.request.NettyRequestSender - Using pooled Channel '[id: 0x2b1a41ff, L:/127.0.0.1:60650 - R:localhost/127.0.0.1:58288]' for 'POST' to 'http://localhost:58288/session/5bd92de29152078380cb358e486226fe/window/maximize'
DEBUG Forwarding maximizeCurrentWindow on session 5bd92de29152078380cb358e486226fe to remote org.asynchttpclient.netty.request.NettyRequestSender - Using open Channel [id: 0x2b1a41ff, L:/127.0.0.1:60650 - R:localhost/127.0.0.1:58288] for POST '/session/5bd92de29152078380cb358e486226fe/window/maximize'
DEBUG AsyncHttpClient-1-2 org.asynchttpclient.netty.handler.HttpHandler - 

Request DefaultHttpRequest(decodeResult: success, version: HTTP/1.1)
POST /session/5bd92de29152078380cb358e486226fe/window/maximize HTTP/1.1
User-Agent: selenium/4.3.0 (java windows)
Content-Length: 3
Content-Type: application/json; charset=utf-8
host: localhost:58288
accept: */*

Response DefaultHttpResponse(decodeResult: success, version: HTTP/1.1)
HTTP/1.1 200 OK
Content-Type: application/json; charset=utf-8
cache-control: no-cache
content-length: 52

DEBUG AsyncHttpClient-1-2 org.asynchttpclient.netty.channel.ChannelManager - Adding key: http://localhost:58288 for channel [id: 0x2b1a41ff, L:/127.0.0.1:60650 - R:localhost/127.0.0.1:58288]
DEBUG Forwarding get on session 5bd92de29152078380cb358e486226fe to remote org.asynchttpclient.netty.request.NettyRequestSender - Using pooled Channel '[id: 0x2b1a41ff, L:/127.0.0.1:60650 - R:localhost/127.0.0.1:58288]' for 'POST' to 'http://localhost:58288/session/5bd92de29152078380cb358e486226fe/url'
DEBUG Forwarding get on session 5bd92de29152078380cb358e486226fe to remote org.asynchttpclient.netty.request.NettyRequestSender - Using open Channel [id: 0x2b1a41ff, L:/127.0.0.1:60650 - R:localhost/127.0.0.1:58288] for POST '/session/5bd92de29152078380cb358e486226fe/url'
DEBUG AsyncHttpClient-1-1 org.asynchttpclient.netty.channel.DefaultChannelPool - Entry count for : http://localhost:60652 : 1
DEBUG AsyncHttpClient-1-1 org.asynchttpclient.netty.channel.DefaultChannelPool - Entry count for : http://localhost:60652 : 1
DEBUG AsyncHttpClient-1-1 org.asynchttpclient.netty.channel.DefaultChannelPool - Entry count for : http://localhost:60652 : 1
DEBUG AsyncHttpClient-1-1 org.asynchttpclient.netty.channel.DefaultChannelPool - Entry count for : http://localhost:60652 : 1
DEBUG AsyncHttpClient-1-1 org.asynchttpclient.netty.channel.DefaultChannelPool - Entry count for : http://localhost:60652 : 1
DEBUG AsyncHttpClient-1-1 org.asynchttpclient.netty.channel.DefaultChannelPool - Entry count for : http://localhost:60652 : 1
DEBUG AsyncHttpClient-1-2 org.asynchttpclient.netty.handler.HttpHandler - 

Request DefaultHttpRequest(decodeResult: success, version: HTTP/1.1)
POST /session/5bd92de29152078380cb358e486226fe/url HTTP/1.1
User-Agent: selenium/4.3.0 (java windows)
Content-Length: 57
Content-Type: application/json; charset=utf-8
host: localhost:58288
accept: */*

Response DefaultHttpResponse(decodeResult: success, version: HTTP/1.1)
HTTP/1.1 200 OK
Content-Type: application/json; charset=utf-8
cache-control: no-cache
content-length: 14

DEBUG AsyncHttpClient-1-2 org.asynchttpclient.netty.channel.ChannelManager - Adding key: http://localhost:58288 for channel [id: 0x2b1a41ff, L:/127.0.0.1:60650 - R:localhost/127.0.0.1:58288]
DEBUG Forwarding findElement on session 5bd92de29152078380cb358e486226fe to remote org.asynchttpclient.netty.request.NettyRequestSender - Using pooled Channel '[id: 0x2b1a41ff, L:/127.0.0.1:60650 - R:localhost/127.0.0.1:58288]' for 'POST' to 'http://localhost:58288/session/5bd92de29152078380cb358e486226fe/element'
DEBUG Forwarding findElement on session 5bd92de29152078380cb358e486226fe to remote org.asynchttpclient.netty.request.NettyRequestSender - Using open Channel [id: 0x2b1a41ff, L:/127.0.0.1:60650 - R:localhost/127.0.0.1:58288] for POST '/session/5bd92de29152078380cb358e486226fe/element'
DEBUG AsyncHttpClient-1-2 org.asynchttpclient.netty.handler.HttpHandler - 

Request DefaultHttpRequest(decodeResult: success, version: HTTP/1.1)
POST /session/5bd92de29152078380cb358e486226fe/element HTTP/1.1
User-Agent: selenium/4.3.0 (java windows)
Content-Length: 185
Content-Type: application/json; charset=utf-8
host: localhost:58288
accept: */*

Response DefaultHttpResponse(decodeResult: success, version: HTTP/1.1)
HTTP/1.1 200 OK
Content-Type: application/json; charset=utf-8
cache-control: no-cache
content-length: 88

DEBUG AsyncHttpClient-1-2 org.asynchttpclient.netty.channel.ChannelManager - Adding key: http://localhost:58288 for channel [id: 0x2b1a41ff, L:/127.0.0.1:60650 - R:localhost/127.0.0.1:58288]
DEBUG Forwarding clickElement on session 5bd92de29152078380cb358e486226fe to remote org.asynchttpclient.netty.request.NettyRequestSender - Using pooled Channel '[id: 0x2b1a41ff, L:/127.0.0.1:60650 - R:localhost/127.0.0.1:58288]' for 'POST' to 'http://localhost:58288/session/5bd92de29152078380cb358e486226fe/element/970c137b-3daf-4556-96f8-a76d5de7a13c/click'
DEBUG Forwarding clickElement on session 5bd92de29152078380cb358e486226fe to remote org.asynchttpclient.netty.request.NettyRequestSender - Using open Channel [id: 0x2b1a41ff, L:/127.0.0.1:60650 - R:localhost/127.0.0.1:58288] for POST '/session/5bd92de29152078380cb358e486226fe/element/970c137b-3daf-4556-96f8-a76d5de7a13c/click'
DEBUG AsyncHttpClient-1-2 org.asynchttpclient.netty.handler.HttpHandler - 

Request DefaultHttpRequest(decodeResult: success, version: HTTP/1.1)
POST /session/5bd92de29152078380cb358e486226fe/element/970c137b-3daf-4556-96f8-a76d5de7a13c/click HTTP/1.1
User-Agent: selenium/4.3.0 (java windows)
Content-Length: 50
Content-Type: application/json; charset=utf-8
host: localhost:58288
accept: */*

Response DefaultHttpResponse(decodeResult: success, version: HTTP/1.1)
HTTP/1.1 200 OK
Content-Type: application/json; charset=utf-8
cache-control: no-cache
content-length: 14

DEBUG AsyncHttpClient-1-2 org.asynchttpclient.netty.channel.ChannelManager - Adding key: http://localhost:58288 for channel [id: 0x2b1a41ff, L:/127.0.0.1:60650 - R:localhost/127.0.0.1:58288]
DEBUG AsyncHttpClient-1-1 org.asynchttpclient.netty.channel.DefaultChannelPool - Entry count for : http://localhost:58288 : 1
DEBUG AsyncHttpClient-1-1 org.asynchttpclient.netty.channel.DefaultChannelPool - Entry count for : http://localhost:60652 : 1
DEBUG AsyncHttpClient-1-1 org.asynchttpclient.netty.channel.DefaultChannelPool - Entry count for : http://localhost:58288 : 1
DEBUG AsyncHttpClient-1-1 org.asynchttpclient.netty.channel.DefaultChannelPool - Entry count for : http://localhost:60652 : 1
DEBUG AsyncHttpClient-1-1 org.asynchttpclient.netty.channel.DefaultChannelPool - Entry count for : http://localhost:58288 : 1
DEBUG AsyncHttpClient-1-1 org.asynchttpclient.netty.channel.DefaultChannelPool - Entry count for : http://localhost:60652 : 1
DEBUG Forwarding findElement on session 5bd92de29152078380cb358e486226fe to remote org.asynchttpclient.netty.request.NettyRequestSender - Using pooled Channel '[id: 0x2b1a41ff, L:/127.0.0.1:60650 - R:localhost/127.0.0.1:58288]' for 'POST' to 'http://localhost:58288/session/5bd92de29152078380cb358e486226fe/element'
DEBUG Forwarding findElement on session 5bd92de29152078380cb358e486226fe to remote org.asynchttpclient.netty.request.NettyRequestSender - Using open Channel [id: 0x2b1a41ff, L:/127.0.0.1:60650 - R:localhost/127.0.0.1:58288] for POST '/session/5bd92de29152078380cb358e486226fe/element'
DEBUG AsyncHttpClient-1-2 org.asynchttpclient.netty.handler.HttpHandler - 

Request DefaultHttpRequest(decodeResult: success, version: HTTP/1.1)
POST /session/5bd92de29152078380cb358e486226fe/element HTTP/1.1
User-Agent: selenium/4.3.0 (java windows)
Content-Length: 65
Content-Type: application/json; charset=utf-8
host: localhost:58288
accept: */*

Response DefaultHttpResponse(decodeResult: success, version: HTTP/1.1)
HTTP/1.1 200 OK
Content-Type: application/json; charset=utf-8
cache-control: no-cache
content-length: 88

DEBUG AsyncHttpClient-1-2 org.asynchttpclient.netty.channel.ChannelManager - Adding key: http://localhost:58288 for channel [id: 0x2b1a41ff, L:/127.0.0.1:60650 - R:localhost/127.0.0.1:58288]
DEBUG Forwarding clickElement on session 5bd92de29152078380cb358e486226fe to remote org.asynchttpclient.netty.request.NettyRequestSender - Using pooled Channel '[id: 0x2b1a41ff, L:/127.0.0.1:60650 - R:localhost/127.0.0.1:58288]' for 'POST' to 'http://localhost:58288/session/5bd92de29152078380cb358e486226fe/element/93342c00-29c2-4e1a-b82d-d18297b84fc8/click'
DEBUG Forwarding clickElement on session 5bd92de29152078380cb358e486226fe to remote org.asynchttpclient.netty.request.NettyRequestSender - Using open Channel [id: 0x2b1a41ff, L:/127.0.0.1:60650 - R:localhost/127.0.0.1:58288] for POST '/session/5bd92de29152078380cb358e486226fe/element/93342c00-29c2-4e1a-b82d-d18297b84fc8/click'
DEBUG AsyncHttpClient-1-2 org.asynchttpclient.netty.handler.HttpHandler - 

Request DefaultHttpRequest(decodeResult: success, version: HTTP/1.1)
POST /session/5bd92de29152078380cb358e486226fe/element/93342c00-29c2-4e1a-b82d-d18297b84fc8/click HTTP/1.1
User-Agent: selenium/4.3.0 (java windows)
Content-Length: 50
Content-Type: application/json; charset=utf-8
host: localhost:58288
accept: */*

Response DefaultHttpResponse(decodeResult: success, version: HTTP/1.1)
HTTP/1.1 200 OK
Content-Type: application/json; charset=utf-8
cache-control: no-cache
content-length: 14

DEBUG AsyncHttpClient-1-2 org.asynchttpclient.netty.channel.ChannelManager - Adding key: http://localhost:58288 for channel [id: 0x2b1a41ff, L:/127.0.0.1:60650 - R:localhost/127.0.0.1:58288]
DEBUG AsyncHttpClient-1-1 org.asynchttpclient.netty.channel.DefaultChannelPool - Entry count for : http://localhost:58288 : 1
DEBUG AsyncHttpClient-1-1 org.asynchttpclient.netty.channel.DefaultChannelPool - Entry count for : http://localhost:60652 : 1
DEBUG Forwarding findElement on session 5bd92de29152078380cb358e486226fe to remote org.asynchttpclient.netty.request.NettyRequestSender - Using pooled Channel '[id: 0x2b1a41ff, L:/127.0.0.1:60650 - R:localhost/127.0.0.1:58288]' for 'POST' to 'http://localhost:58288/session/5bd92de29152078380cb358e486226fe/element'
DEBUG Forwarding findElement on session 5bd92de29152078380cb358e486226fe to remote org.asynchttpclient.netty.request.NettyRequestSender - Using open Channel [id: 0x2b1a41ff, L:/127.0.0.1:60650 - R:localhost/127.0.0.1:58288] for POST '/session/5bd92de29152078380cb358e486226fe/element'
DEBUG AsyncHttpClient-1-2 org.asynchttpclient.netty.handler.HttpHandler - 

Request DefaultHttpRequest(decodeResult: success, version: HTTP/1.1)
POST /session/5bd92de29152078380cb358e486226fe/element HTTP/1.1
User-Agent: selenium/4.3.0 (java windows)
Content-Length: 214
Content-Type: application/json; charset=utf-8
host: localhost:58288
accept: */*

Response DefaultHttpResponse(decodeResult: success, version: HTTP/1.1)
HTTP/1.1 200 OK
Content-Type: application/json; charset=utf-8
cache-control: no-cache
content-length: 88

DEBUG AsyncHttpClient-1-2 org.asynchttpclient.netty.channel.ChannelManager - Adding key: http://localhost:58288 for channel [id: 0x2b1a41ff, L:/127.0.0.1:60650 - R:localhost/127.0.0.1:58288]
DEBUG Forwarding clickElement on session 5bd92de29152078380cb358e486226fe to remote org.asynchttpclient.netty.request.NettyRequestSender - Using pooled Channel '[id: 0x2b1a41ff, L:/127.0.0.1:60650 - R:localhost/127.0.0.1:58288]' for 'POST' to 'http://localhost:58288/session/5bd92de29152078380cb358e486226fe/element/7e5e1b06-6691-419b-90ad-ce5296258fe0/click'
DEBUG Forwarding clickElement on session 5bd92de29152078380cb358e486226fe to remote org.asynchttpclient.netty.request.NettyRequestSender - Using open Channel [id: 0x2b1a41ff, L:/127.0.0.1:60650 - R:localhost/127.0.0.1:58288] for POST '/session/5bd92de29152078380cb358e486226fe/element/7e5e1b06-6691-419b-90ad-ce5296258fe0/click'
DEBUG AsyncHttpClient-1-2 org.asynchttpclient.netty.handler.HttpHandler - 

Request DefaultHttpRequest(decodeResult: success, version: HTTP/1.1)
POST /session/5bd92de29152078380cb358e486226fe/element/7e5e1b06-6691-419b-90ad-ce5296258fe0/click HTTP/1.1
User-Agent: selenium/4.3.0 (java windows)
Content-Length: 50
Content-Type: application/json; charset=utf-8
host: localhost:58288
accept: */*

Response DefaultHttpResponse(decodeResult: success, version: HTTP/1.1)
HTTP/1.1 200 OK
Content-Type: application/json; charset=utf-8
cache-control: no-cache
content-length: 14

DEBUG AsyncHttpClient-1-2 org.asynchttpclient.netty.channel.ChannelManager - Adding key: http://localhost:58288 for channel [id: 0x2b1a41ff, L:/127.0.0.1:60650 - R:localhost/127.0.0.1:58288]
DEBUG AsyncHttpClient-1-1 org.asynchttpclient.netty.channel.DefaultChannelPool - Entry count for : http://localhost:58288 : 1
DEBUG AsyncHttpClient-1-1 org.asynchttpclient.netty.channel.DefaultChannelPool - Entry count for : http://localhost:60652 : 1
DEBUG Forwarding findElement on session 5bd92de29152078380cb358e486226fe to remote org.asynchttpclient.netty.request.NettyRequestSender - Using pooled Channel '[id: 0x2b1a41ff, L:/127.0.0.1:60650 - R:localhost/127.0.0.1:58288]' for 'POST' to 'http://localhost:58288/session/5bd92de29152078380cb358e486226fe/element'
DEBUG Forwarding findElement on session 5bd92de29152078380cb358e486226fe to remote org.asynchttpclient.netty.request.NettyRequestSender - Using open Channel [id: 0x2b1a41ff, L:/127.0.0.1:60650 - R:localhost/127.0.0.1:58288] for POST '/session/5bd92de29152078380cb358e486226fe/element'
DEBUG AsyncHttpClient-1-2 org.asynchttpclient.netty.handler.HttpHandler - 

Request DefaultHttpRequest(decodeResult: success, version: HTTP/1.1)
POST /session/5bd92de29152078380cb358e486226fe/element HTTP/1.1
User-Agent: selenium/4.3.0 (java windows)
Content-Length: 219
Content-Type: application/json; charset=utf-8
host: localhost:58288
accept: */*

Response DefaultHttpResponse(decodeResult: success, version: HTTP/1.1)
HTTP/1.1 200 OK
Content-Type: application/json; charset=utf-8
cache-control: no-cache
content-length: 88

DEBUG AsyncHttpClient-1-2 org.asynchttpclient.netty.channel.ChannelManager - Adding key: http://localhost:58288 for channel [id: 0x2b1a41ff, L:/127.0.0.1:60650 - R:localhost/127.0.0.1:58288]
DEBUG Forwarding isElementDisplayed on session 5bd92de29152078380cb358e486226fe to remote org.asynchttpclient.netty.request.NettyRequestSender - Using pooled Channel '[id: 0x2b1a41ff, L:/127.0.0.1:60650 - R:localhost/127.0.0.1:58288]' for 'POST' to 'http://localhost:58288/session/5bd92de29152078380cb358e486226fe/execute/sync'
DEBUG Forwarding isElementDisplayed on session 5bd92de29152078380cb358e486226fe to remote org.asynchttpclient.netty.request.NettyRequestSender - Using open Channel [id: 0x2b1a41ff, L:/127.0.0.1:60650 - R:localhost/127.0.0.1:58288] for POST '/session/5bd92de29152078380cb358e486226fe/execute/sync'
DEBUG AsyncHttpClient-1-2 org.asynchttpclient.netty.handler.HttpHandler - 

Request DefaultHttpRequest(decodeResult: success, version: HTTP/1.1)
POST /session/5bd92de29152078380cb358e486226fe/execute/sync HTTP/1.1
User-Agent: selenium/4.3.0 (java windows)
Content-Length: 48780
Content-Type: application/json; charset=utf-8
host: localhost:58288
accept: */*

Response DefaultHttpResponse(decodeResult: success, version: HTTP/1.1)
HTTP/1.1 200 OK
Content-Type: application/json; charset=utf-8
cache-control: no-cache
content-length: 14

DEBUG AsyncHttpClient-1-2 org.asynchttpclient.netty.channel.ChannelManager - Adding key: http://localhost:58288 for channel [id: 0x2b1a41ff, L:/127.0.0.1:60650 - R:localhost/127.0.0.1:58288]
DEBUG Forwarding findElement on session 5bd92de29152078380cb358e486226fe to remote org.asynchttpclient.netty.request.NettyRequestSender - Using pooled Channel '[id: 0x2b1a41ff, L:/127.0.0.1:60650 - R:localhost/127.0.0.1:58288]' for 'POST' to 'http://localhost:58288/session/5bd92de29152078380cb358e486226fe/element'
DEBUG Forwarding findElement on session 5bd92de29152078380cb358e486226fe to remote org.asynchttpclient.netty.request.NettyRequestSender - Using open Channel [id: 0x2b1a41ff, L:/127.0.0.1:60650 - R:localhost/127.0.0.1:58288] for POST '/session/5bd92de29152078380cb358e486226fe/element'
DEBUG AsyncHttpClient-1-2 org.asynchttpclient.netty.handler.HttpHandler - 

Request DefaultHttpRequest(decodeResult: success, version: HTTP/1.1)
POST /session/5bd92de29152078380cb358e486226fe/element HTTP/1.1
User-Agent: selenium/4.3.0 (java windows)
Content-Length: 219
Content-Type: application/json; charset=utf-8
host: localhost:58288
accept: */*

Response DefaultHttpResponse(decodeResult: success, version: HTTP/1.1)
HTTP/1.1 200 OK
Content-Type: application/json; charset=utf-8
cache-control: no-cache
content-length: 88

DEBUG AsyncHttpClient-1-2 org.asynchttpclient.netty.channel.ChannelManager - Adding key: http://localhost:58288 for channel [id: 0x2b1a41ff, L:/127.0.0.1:60650 - R:localhost/127.0.0.1:58288]
DEBUG Forwarding isElementDisplayed on session 5bd92de29152078380cb358e486226fe to remote org.asynchttpclient.netty.request.NettyRequestSender - Using pooled Channel '[id: 0x2b1a41ff, L:/127.0.0.1:60650 - R:localhost/127.0.0.1:58288]' for 'POST' to 'http://localhost:58288/session/5bd92de29152078380cb358e486226fe/execute/sync'
DEBUG Forwarding isElementDisplayed on session 5bd92de29152078380cb358e486226fe to remote org.asynchttpclient.netty.request.NettyRequestSender - Using open Channel [id: 0x2b1a41ff, L:/127.0.0.1:60650 - R:localhost/127.0.0.1:58288] for POST '/session/5bd92de29152078380cb358e486226fe/execute/sync'
DEBUG AsyncHttpClient-1-2 org.asynchttpclient.netty.handler.HttpHandler - 

Request DefaultHttpRequest(decodeResult: success, version: HTTP/1.1)
POST /session/5bd92de29152078380cb358e486226fe/execute/sync HTTP/1.1
User-Agent: selenium/4.3.0 (java windows)
Content-Length: 48780
Content-Type: application/json; charset=utf-8
host: localhost:58288
accept: */*

Response DefaultHttpResponse(decodeResult: success, version: HTTP/1.1)
HTTP/1.1 200 OK
Content-Type: application/json; charset=utf-8
cache-control: no-cache
content-length: 14

DEBUG AsyncHttpClient-1-2 org.asynchttpclient.netty.channel.ChannelManager - Adding key: http://localhost:58288 for channel [id: 0x2b1a41ff, L:/127.0.0.1:60650 - R:localhost/127.0.0.1:58288]
DEBUG AsyncHttpClient-1-1 org.asynchttpclient.netty.channel.DefaultChannelPool - Entry count for : http://localhost:58288 : 1
DEBUG AsyncHttpClient-1-1 org.asynchttpclient.netty.channel.DefaultChannelPool - Entry count for : http://localhost:60652 : 1
DEBUG Forwarding findElement on session 5bd92de29152078380cb358e486226fe to remote org.asynchttpclient.netty.request.NettyRequestSender - Using pooled Channel '[id: 0x2b1a41ff, L:/127.0.0.1:60650 - R:localhost/127.0.0.1:58288]' for 'POST' to 'http://localhost:58288/session/5bd92de29152078380cb358e486226fe/element'
DEBUG Forwarding findElement on session 5bd92de29152078380cb358e486226fe to remote org.asynchttpclient.netty.request.NettyRequestSender - Using open Channel [id: 0x2b1a41ff, L:/127.0.0.1:60650 - R:localhost/127.0.0.1:58288] for POST '/session/5bd92de29152078380cb358e486226fe/element'
DEBUG AsyncHttpClient-1-2 org.asynchttpclient.netty.handler.HttpHandler - 

Request DefaultHttpRequest(decodeResult: success, version: HTTP/1.1)
POST /session/5bd92de29152078380cb358e486226fe/element HTTP/1.1
User-Agent: selenium/4.3.0 (java windows)
Content-Length: 68
Content-Type: application/json; charset=utf-8
host: localhost:58288
accept: */*

Response DefaultHttpResponse(decodeResult: success, version: HTTP/1.1)
HTTP/1.1 200 OK
Content-Type: application/json; charset=utf-8
cache-control: no-cache
content-length: 88

DEBUG AsyncHttpClient-1-2 org.asynchttpclient.netty.channel.ChannelManager - Adding key: http://localhost:58288 for channel [id: 0x2b1a41ff, L:/127.0.0.1:60650 - R:localhost/127.0.0.1:58288]
DEBUG Forwarding clickElement on session 5bd92de29152078380cb358e486226fe to remote org.asynchttpclient.netty.request.NettyRequestSender - Using pooled Channel '[id: 0x2b1a41ff, L:/127.0.0.1:60650 - R:localhost/127.0.0.1:58288]' for 'POST' to 'http://localhost:58288/session/5bd92de29152078380cb358e486226fe/element/bcaab351-8564-4c6b-8048-99f089bd84f2/click'
DEBUG Forwarding clickElement on session 5bd92de29152078380cb358e486226fe to remote org.asynchttpclient.netty.request.NettyRequestSender - Using open Channel [id: 0x2b1a41ff, L:/127.0.0.1:60650 - R:localhost/127.0.0.1:58288] for POST '/session/5bd92de29152078380cb358e486226fe/element/bcaab351-8564-4c6b-8048-99f089bd84f2/click'
DEBUG AsyncHttpClient-1-2 org.asynchttpclient.netty.handler.HttpHandler - 

Request DefaultHttpRequest(decodeResult: success, version: HTTP/1.1)
POST /session/5bd92de29152078380cb358e486226fe/element/bcaab351-8564-4c6b-8048-99f089bd84f2/click HTTP/1.1
User-Agent: selenium/4.3.0 (java windows)
Content-Length: 50
Content-Type: application/json; charset=utf-8
host: localhost:58288
accept: */*

Response DefaultHttpResponse(decodeResult: success, version: HTTP/1.1)
HTTP/1.1 200 OK
Content-Type: application/json; charset=utf-8
cache-control: no-cache
content-length: 14

DEBUG AsyncHttpClient-1-2 org.asynchttpclient.netty.channel.ChannelManager - Adding key: http://localhost:58288 for channel [id: 0x2b1a41ff, L:/127.0.0.1:60650 - R:localhost/127.0.0.1:58288]
DEBUG AsyncHttpClient-1-1 org.asynchttpclient.netty.channel.DefaultChannelPool - Entry count for : http://localhost:58288 : 1
DEBUG AsyncHttpClient-1-1 org.asynchttpclient.netty.channel.DefaultChannelPool - Entry count for : http://localhost:60652 : 1
DEBUG Forwarding findElement on session 5bd92de29152078380cb358e486226fe to remote org.asynchttpclient.netty.request.NettyRequestSender - Using pooled Channel '[id: 0x2b1a41ff, L:/127.0.0.1:60650 - R:localhost/127.0.0.1:58288]' for 'POST' to 'http://localhost:58288/session/5bd92de29152078380cb358e486226fe/element'
DEBUG Forwarding findElement on session 5bd92de29152078380cb358e486226fe to remote org.asynchttpclient.netty.request.NettyRequestSender - Using open Channel [id: 0x2b1a41ff, L:/127.0.0.1:60650 - R:localhost/127.0.0.1:58288] for POST '/session/5bd92de29152078380cb358e486226fe/element'
DEBUG AsyncHttpClient-1-2 org.asynchttpclient.netty.handler.HttpHandler - 

Request DefaultHttpRequest(decodeResult: success, version: HTTP/1.1)
POST /session/5bd92de29152078380cb358e486226fe/element HTTP/1.1
User-Agent: selenium/4.3.0 (java windows)
Content-Length: 214
Content-Type: application/json; charset=utf-8
host: localhost:58288
accept: */*

Response DefaultHttpResponse(decodeResult: success, version: HTTP/1.1)
HTTP/1.1 200 OK
Content-Type: application/json; charset=utf-8
cache-control: no-cache
content-length: 88

DEBUG AsyncHttpClient-1-2 org.asynchttpclient.netty.channel.ChannelManager - Adding key: http://localhost:58288 for channel [id: 0x2b1a41ff, L:/127.0.0.1:60650 - R:localhost/127.0.0.1:58288]
DEBUG Forwarding clickElement on session 5bd92de29152078380cb358e486226fe to remote org.asynchttpclient.netty.request.NettyRequestSender - Using pooled Channel '[id: 0x2b1a41ff, L:/127.0.0.1:60650 - R:localhost/127.0.0.1:58288]' for 'POST' to 'http://localhost:58288/session/5bd92de29152078380cb358e486226fe/element/7e5e1b06-6691-419b-90ad-ce5296258fe0/click'
DEBUG Forwarding clickElement on session 5bd92de29152078380cb358e486226fe to remote org.asynchttpclient.netty.request.NettyRequestSender - Using open Channel [id: 0x2b1a41ff, L:/127.0.0.1:60650 - R:localhost/127.0.0.1:58288] for POST '/session/5bd92de29152078380cb358e486226fe/element/7e5e1b06-6691-419b-90ad-ce5296258fe0/click'
DEBUG AsyncHttpClient-1-2 org.asynchttpclient.netty.handler.HttpHandler - 

Request DefaultHttpRequest(decodeResult: success, version: HTTP/1.1)
POST /session/5bd92de29152078380cb358e486226fe/element/7e5e1b06-6691-419b-90ad-ce5296258fe0/click HTTP/1.1
User-Agent: selenium/4.3.0 (java windows)
Content-Length: 50
Content-Type: application/json; charset=utf-8
host: localhost:58288
accept: */*

Response DefaultHttpResponse(decodeResult: success, version: HTTP/1.1)
HTTP/1.1 200 OK
Content-Type: application/json; charset=utf-8
cache-control: no-cache
content-length: 14

DEBUG AsyncHttpClient-1-2 org.asynchttpclient.netty.channel.ChannelManager - Adding key: http://localhost:58288 for channel [id: 0x2b1a41ff, L:/127.0.0.1:60650 - R:localhost/127.0.0.1:58288]
DEBUG AsyncHttpClient-1-1 org.asynchttpclient.netty.channel.DefaultChannelPool - Entry count for : http://localhost:58288 : 1
DEBUG AsyncHttpClient-1-1 org.asynchttpclient.netty.channel.DefaultChannelPool - Entry count for : http://localhost:60652 : 1
DEBUG Forwarding findElement on session 5bd92de29152078380cb358e486226fe to remote org.asynchttpclient.netty.request.NettyRequestSender - Using pooled Channel '[id: 0x2b1a41ff, L:/127.0.0.1:60650 - R:localhost/127.0.0.1:58288]' for 'POST' to 'http://localhost:58288/session/5bd92de29152078380cb358e486226fe/element'
DEBUG Forwarding findElement on session 5bd92de29152078380cb358e486226fe to remote org.asynchttpclient.netty.request.NettyRequestSender - Using open Channel [id: 0x2b1a41ff, L:/127.0.0.1:60650 - R:localhost/127.0.0.1:58288] for POST '/session/5bd92de29152078380cb358e486226fe/element'
DEBUG AsyncHttpClient-1-2 org.asynchttpclient.netty.handler.HttpHandler - 

Request DefaultHttpRequest(decodeResult: success, version: HTTP/1.1)
POST /session/5bd92de29152078380cb358e486226fe/element HTTP/1.1
User-Agent: selenium/4.3.0 (java windows)
Content-Length: 221
Content-Type: application/json; charset=utf-8
host: localhost:58288
accept: */*

Response DefaultHttpResponse(decodeResult: success, version: HTTP/1.1)
HTTP/1.1 404 Not Found
Content-Type: application/json; charset=utf-8
cache-control: no-cache
content-length: 1088

DEBUG AsyncHttpClient-1-2 org.asynchttpclient.netty.channel.ChannelManager - Adding key: http://localhost:58288 for channel [id: 0x2b1a41ff, L:/127.0.0.1:60650 - R:localhost/127.0.0.1:58288]
DEBUG Forwarding findElement on session 5bd92de29152078380cb358e486226fe to remote org.asynchttpclient.netty.request.NettyRequestSender - Using pooled Channel '[id: 0x2b1a41ff, L:/127.0.0.1:60650 - R:localhost/127.0.0.1:58288]' for 'POST' to 'http://localhost:58288/session/5bd92de29152078380cb358e486226fe/element'
DEBUG Forwarding findElement on session 5bd92de29152078380cb358e486226fe to remote org.asynchttpclient.netty.request.NettyRequestSender - Using open Channel [id: 0x2b1a41ff, L:/127.0.0.1:60650 - R:localhost/127.0.0.1:58288] for POST '/session/5bd92de29152078380cb358e486226fe/element'
DEBUG AsyncHttpClient-1-2 org.asynchttpclient.netty.handler.HttpHandler - 

Request DefaultHttpRequest(decodeResult: success, version: HTTP/1.1)
POST /session/5bd92de29152078380cb358e486226fe/element HTTP/1.1
User-Agent: selenium/4.3.0 (java windows)
Content-Length: 221
Content-Type: application/json; charset=utf-8
host: localhost:58288
accept: */*

Response DefaultHttpResponse(decodeResult: success, version: HTTP/1.1)
HTTP/1.1 404 Not Found
Content-Type: application/json; charset=utf-8
cache-control: no-cache
content-length: 1088

DEBUG AsyncHttpClient-1-2 org.asynchttpclient.netty.channel.ChannelManager - Adding key: http://localhost:58288 for channel [id: 0x2b1a41ff, L:/127.0.0.1:60650 - R:localhost/127.0.0.1:58288]
DEBUG AsyncHttpClient-1-1 org.asynchttpclient.netty.channel.DefaultChannelPool - Entry count for : http://localhost:58288 : 1
DEBUG AsyncHttpClient-1-1 org.asynchttpclient.netty.channel.DefaultChannelPool - Entry count for : http://localhost:60652 : 1
DEBUG Forwarding findElement on session 5bd92de29152078380cb358e486226fe to remote org.asynchttpclient.netty.request.NettyRequestSender - Using pooled Channel '[id: 0x2b1a41ff, L:/127.0.0.1:60650 - R:localhost/127.0.0.1:58288]' for 'POST' to 'http://localhost:58288/session/5bd92de29152078380cb358e486226fe/element'
DEBUG Forwarding findElement on session 5bd92de29152078380cb358e486226fe to remote org.asynchttpclient.netty.request.NettyRequestSender - Using open Channel [id: 0x2b1a41ff, L:/127.0.0.1:60650 - R:localhost/127.0.0.1:58288] for POST '/session/5bd92de29152078380cb358e486226fe/element'
DEBUG AsyncHttpClient-1-2 org.asynchttpclient.netty.handler.HttpHandler - 

Request DefaultHttpRequest(decodeResult: success, version: HTTP/1.1)
POST /session/5bd92de29152078380cb358e486226fe/element HTTP/1.1
User-Agent: selenium/4.3.0 (java windows)
Content-Length: 221
Content-Type: application/json; charset=utf-8
host: localhost:58288
accept: */*

Response DefaultHttpResponse(decodeResult: success, version: HTTP/1.1)
HTTP/1.1 404 Not Found
Content-Type: application/json; charset=utf-8
cache-control: no-cache
content-length: 1088

DEBUG AsyncHttpClient-1-2 org.asynchttpclient.netty.channel.ChannelManager - Adding key: http://localhost:58288 for channel [id: 0x2b1a41ff, L:/127.0.0.1:60650 - R:localhost/127.0.0.1:58288]
DEBUG Forwarding findElement on session 5bd92de29152078380cb358e486226fe to remote org.asynchttpclient.netty.request.NettyRequestSender - Using pooled Channel '[id: 0x2b1a41ff, L:/127.0.0.1:60650 - R:localhost/127.0.0.1:58288]' for 'POST' to 'http://localhost:58288/session/5bd92de29152078380cb358e486226fe/element'
DEBUG Forwarding findElement on session 5bd92de29152078380cb358e486226fe to remote org.asynchttpclient.netty.request.NettyRequestSender - Using open Channel [id: 0x2b1a41ff, L:/127.0.0.1:60650 - R:localhost/127.0.0.1:58288] for POST '/session/5bd92de29152078380cb358e486226fe/element'
DEBUG AsyncHttpClient-1-2 org.asynchttpclient.netty.handler.HttpHandler - 

Request DefaultHttpRequest(decodeResult: success, version: HTTP/1.1)
POST /session/5bd92de29152078380cb358e486226fe/element HTTP/1.1
User-Agent: selenium/4.3.0 (java windows)
Content-Length: 221
Content-Type: application/json; charset=utf-8
host: localhost:58288
accept: */*

Response DefaultHttpResponse(decodeResult: success, version: HTTP/1.1)
HTTP/1.1 404 Not Found
Content-Type: application/json; charset=utf-8
cache-control: no-cache
content-length: 1088

DEBUG AsyncHttpClient-1-2 org.asynchttpclient.netty.channel.ChannelManager - Adding key: http://localhost:58288 for channel [id: 0x2b1a41ff, L:/127.0.0.1:60650 - R:localhost/127.0.0.1:58288]
DEBUG AsyncHttpClient-1-1 org.asynchttpclient.netty.channel.DefaultChannelPool - Entry count for : http://localhost:58288 : 1
DEBUG AsyncHttpClient-1-1 org.asynchttpclient.netty.channel.DefaultChannelPool - Entry count for : http://localhost:60652 : 1
DEBUG Forwarding findElement on session 5bd92de29152078380cb358e486226fe to remote org.asynchttpclient.netty.request.NettyRequestSender - Using pooled Channel '[id: 0x2b1a41ff, L:/127.0.0.1:60650 - R:localhost/127.0.0.1:58288]' for 'POST' to 'http://localhost:58288/session/5bd92de29152078380cb358e486226fe/element'
DEBUG Forwarding findElement on session 5bd92de29152078380cb358e486226fe to remote org.asynchttpclient.netty.request.NettyRequestSender - Using open Channel [id: 0x2b1a41ff, L:/127.0.0.1:60650 - R:localhost/127.0.0.1:58288] for POST '/session/5bd92de29152078380cb358e486226fe/element'
DEBUG AsyncHttpClient-1-2 org.asynchttpclient.netty.handler.HttpHandler - 

Request DefaultHttpRequest(decodeResult: success, version: HTTP/1.1)
POST /session/5bd92de29152078380cb358e486226fe/element HTTP/1.1
User-Agent: selenium/4.3.0 (java windows)
Content-Length: 221
Content-Type: application/json; charset=utf-8
host: localhost:58288
accept: */*

Response DefaultHttpResponse(decodeResult: success, version: HTTP/1.1)
HTTP/1.1 404 Not Found
Content-Type: application/json; charset=utf-8
cache-control: no-cache
content-length: 1088

DEBUG AsyncHttpClient-1-2 org.asynchttpclient.netty.channel.ChannelManager - Adding key: http://localhost:58288 for channel [id: 0x2b1a41ff, L:/127.0.0.1:60650 - R:localhost/127.0.0.1:58288]
DEBUG Forwarding findElement on session 5bd92de29152078380cb358e486226fe to remote org.asynchttpclient.netty.request.NettyRequestSender - Using pooled Channel '[id: 0x2b1a41ff, L:/127.0.0.1:60650 - R:localhost/127.0.0.1:58288]' for 'POST' to 'http://localhost:58288/session/5bd92de29152078380cb358e486226fe/element'
DEBUG Forwarding findElement on session 5bd92de29152078380cb358e486226fe to remote org.asynchttpclient.netty.request.NettyRequestSender - Using open Channel [id: 0x2b1a41ff, L:/127.0.0.1:60650 - R:localhost/127.0.0.1:58288] for POST '/session/5bd92de29152078380cb358e486226fe/element'
DEBUG AsyncHttpClient-1-2 org.asynchttpclient.netty.handler.HttpHandler - 

Request DefaultHttpRequest(decodeResult: success, version: HTTP/1.1)
POST /session/5bd92de29152078380cb358e486226fe/element HTTP/1.1
User-Agent: selenium/4.3.0 (java windows)
Content-Length: 221
Content-Type: application/json; charset=utf-8
host: localhost:58288
accept: */*

Response DefaultHttpResponse(decodeResult: success, version: HTTP/1.1)
HTTP/1.1 404 Not Found
Content-Type: application/json; charset=utf-8
cache-control: no-cache
content-length: 1088

DEBUG AsyncHttpClient-1-2 org.asynchttpclient.netty.channel.ChannelManager - Adding key: http://localhost:58288 for channel [id: 0x2b1a41ff, L:/127.0.0.1:60650 - R:localhost/127.0.0.1:58288]
DEBUG AsyncHttpClient-1-1 org.asynchttpclient.netty.channel.DefaultChannelPool - Entry count for : http://localhost:58288 : 1
DEBUG AsyncHttpClient-1-1 org.asynchttpclient.netty.channel.DefaultChannelPool - Entry count for : http://localhost:60652 : 1
DEBUG Forwarding findElement on session 5bd92de29152078380cb358e486226fe to remote org.asynchttpclient.netty.request.NettyRequestSender - Using pooled Channel '[id: 0x2b1a41ff, L:/127.0.0.1:60650 - R:localhost/127.0.0.1:58288]' for 'POST' to 'http://localhost:58288/session/5bd92de29152078380cb358e486226fe/element'
DEBUG Forwarding findElement on session 5bd92de29152078380cb358e486226fe to remote org.asynchttpclient.netty.request.NettyRequestSender - Using open Channel [id: 0x2b1a41ff, L:/127.0.0.1:60650 - R:localhost/127.0.0.1:58288] for POST '/session/5bd92de29152078380cb358e486226fe/element'
DEBUG AsyncHttpClient-1-2 org.asynchttpclient.netty.handler.HttpHandler - 

Request DefaultHttpRequest(decodeResult: success, version: HTTP/1.1)
POST /session/5bd92de29152078380cb358e486226fe/element HTTP/1.1
User-Agent: selenium/4.3.0 (java windows)
Content-Length: 221
Content-Type: application/json; charset=utf-8
host: localhost:58288
accept: */*

Response DefaultHttpResponse(decodeResult: success, version: HTTP/1.1)
HTTP/1.1 404 Not Found
Content-Type: application/json; charset=utf-8
cache-control: no-cache
content-length: 1088

DEBUG AsyncHttpClient-1-2 org.asynchttpclient.netty.channel.ChannelManager - Adding key: http://localhost:58288 for channel [id: 0x2b1a41ff, L:/127.0.0.1:60650 - R:localhost/127.0.0.1:58288]
DEBUG Forwarding findElement on session 5bd92de29152078380cb358e486226fe to remote org.asynchttpclient.netty.request.NettyRequestSender - Using pooled Channel '[id: 0x2b1a41ff, L:/127.0.0.1:60650 - R:localhost/127.0.0.1:58288]' for 'POST' to 'http://localhost:58288/session/5bd92de29152078380cb358e486226fe/element'
DEBUG Forwarding findElement on session 5bd92de29152078380cb358e486226fe to remote org.asynchttpclient.netty.request.NettyRequestSender - Using open Channel [id: 0x2b1a41ff, L:/127.0.0.1:60650 - R:localhost/127.0.0.1:58288] for POST '/session/5bd92de29152078380cb358e486226fe/element'
DEBUG AsyncHttpClient-1-2 org.asynchttpclient.netty.handler.HttpHandler - 

Request DefaultHttpRequest(decodeResult: success, version: HTTP/1.1)
POST /session/5bd92de29152078380cb358e486226fe/element HTTP/1.1
User-Agent: selenium/4.3.0 (java windows)
Content-Length: 221
Content-Type: application/json; charset=utf-8
host: localhost:58288
accept: */*

Response DefaultHttpResponse(decodeResult: success, version: HTTP/1.1)
HTTP/1.1 404 Not Found
Content-Type: application/json; charset=utf-8
cache-control: no-cache
content-length: 1088

DEBUG AsyncHttpClient-1-2 org.asynchttpclient.netty.channel.ChannelManager - Adding key: http://localhost:58288 for channel [id: 0x2b1a41ff, L:/127.0.0.1:60650 - R:localhost/127.0.0.1:58288]
DEBUG AsyncHttpClient-1-1 org.asynchttpclient.netty.channel.DefaultChannelPool - Entry count for : http://localhost:58288 : 1
DEBUG AsyncHttpClient-1-1 org.asynchttpclient.netty.channel.DefaultChannelPool - Entry count for : http://localhost:60652 : 1
DEBUG Forwarding findElement on session 5bd92de29152078380cb358e486226fe to remote org.asynchttpclient.netty.request.NettyRequestSender - Using pooled Channel '[id: 0x2b1a41ff, L:/127.0.0.1:60650 - R:localhost/127.0.0.1:58288]' for 'POST' to 'http://localhost:58288/session/5bd92de29152078380cb358e486226fe/element'
DEBUG Forwarding findElement on session 5bd92de29152078380cb358e486226fe to remote org.asynchttpclient.netty.request.NettyRequestSender - Using open Channel [id: 0x2b1a41ff, L:/127.0.0.1:60650 - R:localhost/127.0.0.1:58288] for POST '/session/5bd92de29152078380cb358e486226fe/element'
DEBUG AsyncHttpClient-1-2 org.asynchttpclient.netty.handler.HttpHandler - 

Request DefaultHttpRequest(decodeResult: success, version: HTTP/1.1)
POST /session/5bd92de29152078380cb358e486226fe/element HTTP/1.1
User-Agent: selenium/4.3.0 (java windows)
Content-Length: 221
Content-Type: application/json; charset=utf-8
host: localhost:58288
accept: */*

Response DefaultHttpResponse(decodeResult: success, version: HTTP/1.1)
HTTP/1.1 404 Not Found
Content-Type: application/json; charset=utf-8
cache-control: no-cache
content-length: 1088

DEBUG AsyncHttpClient-1-2 org.asynchttpclient.netty.channel.ChannelManager - Adding key: http://localhost:58288 for channel [id: 0x2b1a41ff, L:/127.0.0.1:60650 - R:localhost/127.0.0.1:58288]
DEBUG Forwarding findElement on session 5bd92de29152078380cb358e486226fe to remote org.asynchttpclient.netty.request.NettyRequestSender - Using pooled Channel '[id: 0x2b1a41ff, L:/127.0.0.1:60650 - R:localhost/127.0.0.1:58288]' for 'POST' to 'http://localhost:58288/session/5bd92de29152078380cb358e486226fe/element'
DEBUG Forwarding findElement on session 5bd92de29152078380cb358e486226fe to remote org.asynchttpclient.netty.request.NettyRequestSender - Using open Channel [id: 0x2b1a41ff, L:/127.0.0.1:60650 - R:localhost/127.0.0.1:58288] for POST '/session/5bd92de29152078380cb358e486226fe/element'
DEBUG AsyncHttpClient-1-2 org.asynchttpclient.netty.handler.HttpHandler - 

Request DefaultHttpRequest(decodeResult: success, version: HTTP/1.1)
POST /session/5bd92de29152078380cb358e486226fe/element HTTP/1.1
User-Agent: selenium/4.3.0 (java windows)
Content-Length: 221
Content-Type: application/json; charset=utf-8
host: localhost:58288
accept: */*

Response DefaultHttpResponse(decodeResult: success, version: HTTP/1.1)
HTTP/1.1 404 Not Found
Content-Type: application/json; charset=utf-8
cache-control: no-cache
content-length: 1088

DEBUG AsyncHttpClient-1-2 org.asynchttpclient.netty.channel.ChannelManager - Adding key: http://localhost:58288 for channel [id: 0x2b1a41ff, L:/127.0.0.1:60650 - R:localhost/127.0.0.1:58288]
DEBUG AsyncHttpClient-1-1 org.asynchttpclient.netty.channel.DefaultChannelPool - Entry count for : http://localhost:58288 : 1
DEBUG AsyncHttpClient-1-1 org.asynchttpclient.netty.channel.DefaultChannelPool - Entry count for : http://localhost:60652 : 1
DEBUG Forwarding findElement on session 5bd92de29152078380cb358e486226fe to remote org.asynchttpclient.netty.request.NettyRequestSender - Using pooled Channel '[id: 0x2b1a41ff, L:/127.0.0.1:60650 - R:localhost/127.0.0.1:58288]' for 'POST' to 'http://localhost:58288/session/5bd92de29152078380cb358e486226fe/element'
DEBUG Forwarding findElement on session 5bd92de29152078380cb358e486226fe to remote org.asynchttpclient.netty.request.NettyRequestSender - Using open Channel [id: 0x2b1a41ff, L:/127.0.0.1:60650 - R:localhost/127.0.0.1:58288] for POST '/session/5bd92de29152078380cb358e486226fe/element'
DEBUG AsyncHttpClient-1-2 org.asynchttpclient.netty.handler.HttpHandler - 

Request DefaultHttpRequest(decodeResult: success, version: HTTP/1.1)
POST /session/5bd92de29152078380cb358e486226fe/element HTTP/1.1
User-Agent: selenium/4.3.0 (java windows)
Content-Length: 221
Content-Type: application/json; charset=utf-8
host: localhost:58288
accept: */*

Response DefaultHttpResponse(decodeResult: success, version: HTTP/1.1)
HTTP/1.1 404 Not Found
Content-Type: application/json; charset=utf-8
cache-control: no-cache
content-length: 1088

DEBUG AsyncHttpClient-1-2 org.asynchttpclient.netty.channel.ChannelManager - Adding key: http://localhost:58288 for channel [id: 0x2b1a41ff, L:/127.0.0.1:60650 - R:localhost/127.0.0.1:58288]
DEBUG Forwarding findElement on session 5bd92de29152078380cb358e486226fe to remote org.asynchttpclient.netty.request.NettyRequestSender - Using pooled Channel '[id: 0x2b1a41ff, L:/127.0.0.1:60650 - R:localhost/127.0.0.1:58288]' for 'POST' to 'http://localhost:58288/session/5bd92de29152078380cb358e486226fe/element'
DEBUG Forwarding findElement on session 5bd92de29152078380cb358e486226fe to remote org.asynchttpclient.netty.request.NettyRequestSender - Using open Channel [id: 0x2b1a41ff, L:/127.0.0.1:60650 - R:localhost/127.0.0.1:58288] for POST '/session/5bd92de29152078380cb358e486226fe/element'
DEBUG AsyncHttpClient-1-2 org.asynchttpclient.netty.handler.HttpHandler - 

Request DefaultHttpRequest(decodeResult: success, version: HTTP/1.1)
POST /session/5bd92de29152078380cb358e486226fe/element HTTP/1.1
User-Agent: selenium/4.3.0 (java windows)
Content-Length: 221
Content-Type: application/json; charset=utf-8
host: localhost:58288
accept: */*

Response DefaultHttpResponse(decodeResult: success, version: HTTP/1.1)
HTTP/1.1 404 Not Found
Content-Type: application/json; charset=utf-8
cache-control: no-cache
content-length: 1088

DEBUG AsyncHttpClient-1-2 org.asynchttpclient.netty.channel.ChannelManager - Adding key: http://localhost:58288 for channel [id: 0x2b1a41ff, L:/127.0.0.1:60650 - R:localhost/127.0.0.1:58288]
DEBUG AsyncHttpClient-1-1 org.asynchttpclient.netty.channel.DefaultChannelPool - Entry count for : http://localhost:58288 : 1
DEBUG AsyncHttpClient-1-1 org.asynchttpclient.netty.channel.DefaultChannelPool - Entry count for : http://localhost:60652 : 1
DEBUG Forwarding findElement on session 5bd92de29152078380cb358e486226fe to remote org.asynchttpclient.netty.request.NettyRequestSender - Using pooled Channel '[id: 0x2b1a41ff, L:/127.0.0.1:60650 - R:localhost/127.0.0.1:58288]' for 'POST' to 'http://localhost:58288/session/5bd92de29152078380cb358e486226fe/element'
DEBUG Forwarding findElement on session 5bd92de29152078380cb358e486226fe to remote org.asynchttpclient.netty.request.NettyRequestSender - Using open Channel [id: 0x2b1a41ff, L:/127.0.0.1:60650 - R:localhost/127.0.0.1:58288] for POST '/session/5bd92de29152078380cb358e486226fe/element'
DEBUG AsyncHttpClient-1-2 org.asynchttpclient.netty.handler.HttpHandler - 

Request DefaultHttpRequest(decodeResult: success, version: HTTP/1.1)
POST /session/5bd92de29152078380cb358e486226fe/element HTTP/1.1
User-Agent: selenium/4.3.0 (java windows)
Content-Length: 221
Content-Type: application/json; charset=utf-8
host: localhost:58288
accept: */*

Response DefaultHttpResponse(decodeResult: success, version: HTTP/1.1)
HTTP/1.1 404 Not Found
Content-Type: application/json; charset=utf-8
cache-control: no-cache
content-length: 1088

DEBUG AsyncHttpClient-1-2 org.asynchttpclient.netty.channel.ChannelManager - Adding key: http://localhost:58288 for channel [id: 0x2b1a41ff, L:/127.0.0.1:60650 - R:localhost/127.0.0.1:58288]
DEBUG Forwarding findElement on session 5bd92de29152078380cb358e486226fe to remote org.asynchttpclient.netty.request.NettyRequestSender - Using pooled Channel '[id: 0x2b1a41ff, L:/127.0.0.1:60650 - R:localhost/127.0.0.1:58288]' for 'POST' to 'http://localhost:58288/session/5bd92de29152078380cb358e486226fe/element'
DEBUG Forwarding findElement on session 5bd92de29152078380cb358e486226fe to remote org.asynchttpclient.netty.request.NettyRequestSender - Using open Channel [id: 0x2b1a41ff, L:/127.0.0.1:60650 - R:localhost/127.0.0.1:58288] for POST '/session/5bd92de29152078380cb358e486226fe/element'
DEBUG AsyncHttpClient-1-2 org.asynchttpclient.netty.handler.HttpHandler - 

Request DefaultHttpRequest(decodeResult: success, version: HTTP/1.1)
POST /session/5bd92de29152078380cb358e486226fe/element HTTP/1.1
User-Agent: selenium/4.3.0 (java windows)
Content-Length: 221
Content-Type: application/json; charset=utf-8
host: localhost:58288
accept: */*

Response DefaultHttpResponse(decodeResult: success, version: HTTP/1.1)
HTTP/1.1 404 Not Found
Content-Type: application/json; charset=utf-8
cache-control: no-cache
content-length: 1088

DEBUG AsyncHttpClient-1-2 org.asynchttpclient.netty.channel.ChannelManager - Adding key: http://localhost:58288 for channel [id: 0x2b1a41ff, L:/127.0.0.1:60650 - R:localhost/127.0.0.1:58288]
DEBUG Forwarding findElement on session 5bd92de29152078380cb358e486226fe to remote org.asynchttpclient.netty.request.NettyRequestSender - Using pooled Channel '[id: 0x2b1a41ff, L:/127.0.0.1:60650 - R:localhost/127.0.0.1:58288]' for 'POST' to 'http://localhost:58288/session/5bd92de29152078380cb358e486226fe/element'
DEBUG Forwarding findElement on session 5bd92de29152078380cb358e486226fe to remote org.asynchttpclient.netty.request.NettyRequestSender - Using open Channel [id: 0x2b1a41ff, L:/127.0.0.1:60650 - R:localhost/127.0.0.1:58288] for POST '/session/5bd92de29152078380cb358e486226fe/element'
DEBUG AsyncHttpClient-1-2 org.asynchttpclient.netty.handler.HttpHandler - 

Request DefaultHttpRequest(decodeResult: success, version: HTTP/1.1)
POST /session/5bd92de29152078380cb358e486226fe/element HTTP/1.1
User-Agent: selenium/4.3.0 (java windows)
Content-Length: 221
Content-Type: application/json; charset=utf-8
host: localhost:58288
accept: */*

Response DefaultHttpResponse(decodeResult: success, version: HTTP/1.1)
HTTP/1.1 404 Not Found
Content-Type: application/json; charset=utf-8
cache-control: no-cache
content-length: 1088

DEBUG AsyncHttpClient-1-2 org.asynchttpclient.netty.channel.ChannelManager - Adding key: http://localhost:58288 for channel [id: 0x2b1a41ff, L:/127.0.0.1:60650 - R:localhost/127.0.0.1:58288]
DEBUG AsyncHttpClient-1-1 org.asynchttpclient.netty.channel.DefaultChannelPool - Entry count for : http://localhost:58288 : 1
DEBUG AsyncHttpClient-1-1 org.asynchttpclient.netty.channel.DefaultChannelPool - Entry count for : http://localhost:60652 : 1
DEBUG Forwarding findElement on session 5bd92de29152078380cb358e486226fe to remote org.asynchttpclient.netty.request.NettyRequestSender - Using pooled Channel '[id: 0x2b1a41ff, L:/127.0.0.1:60650 - R:localhost/127.0.0.1:58288]' for 'POST' to 'http://localhost:58288/session/5bd92de29152078380cb358e486226fe/element'
DEBUG Forwarding findElement on session 5bd92de29152078380cb358e486226fe to remote org.asynchttpclient.netty.request.NettyRequestSender - Using open Channel [id: 0x2b1a41ff, L:/127.0.0.1:60650 - R:localhost/127.0.0.1:58288] for POST '/session/5bd92de29152078380cb358e486226fe/element'
DEBUG AsyncHttpClient-1-2 org.asynchttpclient.netty.handler.HttpHandler - 

Request DefaultHttpRequest(decodeResult: success, version: HTTP/1.1)
POST /session/5bd92de29152078380cb358e486226fe/element HTTP/1.1
User-Agent: selenium/4.3.0 (java windows)
Content-Length: 221
Content-Type: application/json; charset=utf-8
host: localhost:58288
accept: */*

Response DefaultHttpResponse(decodeResult: success, version: HTTP/1.1)
HTTP/1.1 404 Not Found
Content-Type: application/json; charset=utf-8
cache-control: no-cache
content-length: 1088

DEBUG AsyncHttpClient-1-2 org.asynchttpclient.netty.channel.ChannelManager - Adding key: http://localhost:58288 for channel [id: 0x2b1a41ff, L:/127.0.0.1:60650 - R:localhost/127.0.0.1:58288]
DEBUG Forwarding findElement on session 5bd92de29152078380cb358e486226fe to remote org.asynchttpclient.netty.request.NettyRequestSender - Using pooled Channel '[id: 0x2b1a41ff, L:/127.0.0.1:60650 - R:localhost/127.0.0.1:58288]' for 'POST' to 'http://localhost:58288/session/5bd92de29152078380cb358e486226fe/element'
DEBUG Forwarding findElement on session 5bd92de29152078380cb358e486226fe to remote org.asynchttpclient.netty.request.NettyRequestSender - Using open Channel [id: 0x2b1a41ff, L:/127.0.0.1:60650 - R:localhost/127.0.0.1:58288] for POST '/session/5bd92de29152078380cb358e486226fe/element'
DEBUG AsyncHttpClient-1-2 org.asynchttpclient.netty.handler.HttpHandler - 

Request DefaultHttpRequest(decodeResult: success, version: HTTP/1.1)
POST /session/5bd92de29152078380cb358e486226fe/element HTTP/1.1
User-Agent: selenium/4.3.0 (java windows)
Content-Length: 221
Content-Type: application/json; charset=utf-8
host: localhost:58288
accept: */*

Response DefaultHttpResponse(decodeResult: success, version: HTTP/1.1)
HTTP/1.1 404 Not Found
Content-Type: application/json; charset=utf-8
cache-control: no-cache
content-length: 1088

DEBUG AsyncHttpClient-1-2 org.asynchttpclient.netty.channel.ChannelManager - Adding key: http://localhost:58288 for channel [id: 0x2b1a41ff, L:/127.0.0.1:60650 - R:localhost/127.0.0.1:58288]
DEBUG AsyncHttpClient-1-1 org.asynchttpclient.netty.channel.DefaultChannelPool - Entry count for : http://localhost:58288 : 1
DEBUG AsyncHttpClient-1-1 org.asynchttpclient.netty.channel.DefaultChannelPool - Entry count for : http://localhost:60652 : 1
